2015-05-31 15:44:23,781 [Recommenders-Timeout-Manager] ERROR o.e.r.i.rcp.JavaElementSelections - Failed to resolve selection in '=MatTest V0.1/src<ch.hearc.p2.java{Matrix.java' at offset 0
org.eclipse.jdt.core.JavaModelException: Matrix.java [in ch.hearc.p2.java [in src [in MatTest V0.1]]] does not exist
	at org.eclipse.jdt.internal.core.JavaElement.newJavaModelException(JavaElement.java:544) ~[org.eclipse.jdt.core_3.10.0.v20140604-1726.jar:na]
	at org.eclipse.jdt.internal.core.Openable.generateInfos(Openable.java:247) ~[org.eclipse.jdt.core_3.10.0.v20140604-1726.jar:na]
	at org.eclipse.jdt.internal.core.JavaElement.openWhenClosed(JavaElement.java:557) ~[org.eclipse.jdt.core_3.10.0.v20140604-1726.jar:na]
	at org.eclipse.jdt.internal.core.JavaElement.getElementInfo(JavaElement.java:294) ~[org.eclipse.jdt.core_3.10.0.v20140604-1726.jar:na]
	at org.eclipse.jdt.internal.core.JavaElement.getElementInfo(JavaElement.java:280) ~[org.eclipse.jdt.core_3.10.0.v20140604-1726.jar:na]
	at org.eclipse.jdt.internal.core.Openable.getBuffer(Openable.java:285) ~[org.eclipse.jdt.core_3.10.0.v20140604-1726.jar:na]
	at org.eclipse.jdt.internal.core.Openable.codeSelect(Openable.java:152) ~[org.eclipse.jdt.core_3.10.0.v20140604-1726.jar:na]
	at org.eclipse.jdt.internal.core.CompilationUnit.codeSelect(CompilationUnit.java:377) ~[org.eclipse.jdt.core_3.10.0.v20140604-1726.jar:na]
	at org.eclipse.jdt.internal.core.CompilationUnit.codeSelect(CompilationUnit.java:371) ~[org.eclipse.jdt.core_3.10.0.v20140604-1726.jar:na]
	at org.eclipse.recommenders.internal.rcp.JavaElementSelections.resolveJavaElementFromTypeRootInEditor(JavaElementSelections.java:146) [org.eclipse.recommenders.rcp_2.1.0.v20140610-1852.jar:na]
	at org.eclipse.recommenders.internal.rcp.JavaElementSelections.resolveJavaElementFromEditor(JavaElementSelections.java:128) [org.eclipse.recommenders.rcp_2.1.0.v20140610-1852.jar:na]
	at org.eclipse.recommenders.internal.rcp.JavaElementSelections.resolveJavaElementFromEditor(JavaElementSelections.java:111) [org.eclipse.recommenders.rcp_2.1.0.v20140610-1852.jar:na]
	at org.eclipse.recommenders.internal.rcp.JavaElementSelectionService.handleSelectionInEditor(JavaElementSelectionService.java:108) [org.eclipse.recommenders.rcp_2.1.0.v20140610-1852.jar:na]
	at org.eclipse.recommenders.internal.rcp.JavaElementSelectionService.access$1(JavaElementSelectionService.java:105) [org.eclipse.recommenders.rcp_2.1.0.v20140610-1852.jar:na]
	at org.eclipse.recommenders.internal.rcp.JavaElementSelectionService$1.run(JavaElementSelectionService.java:82) [org.eclipse.recommenders.rcp_2.1.0.v20140610-1852.jar:na]
	at java.util.concurrent.Executors$RunnableAdapter.call(Executors.java:511) [na:1.8.0_20]
	at java.util.concurrent.FutureTask.run(FutureTask.java:266) [na:1.8.0_20]
	at java.util.concurrent.ScheduledThreadPoolExecutor$ScheduledFutureTask.access$201(ScheduledThreadPoolExecutor.java:180) [na:1.8.0_20]
	at java.util.concurrent.ScheduledThreadPoolExecutor$ScheduledFutureTask.run(ScheduledThreadPoolExecutor.java:293) [na:1.8.0_20]
	at java.util.concurrent.ThreadPoolExecutor.runWorker(ThreadPoolExecutor.java:1142) [na:1.8.0_20]
	at java.util.concurrent.ThreadPoolExecutor$Worker.run(ThreadPoolExecutor.java:617) [na:1.8.0_20]
	at java.lang.Thread.run(Thread.java:745) [na:1.8.0_20]
